Determining if the pthread_create exist failed with the following output:
Change Dir: /media/psf/Home/Files_Local/Point_image_fusion/fusion/c++/build/CMakeFiles/CMakeTmp

Run Build Command:"/usr/bin/make" "cmTC_5c478/fast"
/usr/bin/make -f CMakeFiles/cmTC_5c478.dir/build.make CMakeFiles/cmTC_5c478.dir/build
make[1]: Entering directory '/media/psf/Home/Files_Local/Point_image_fusion/fusion/c++/build/CMakeFiles/CMakeTmp'
Building C object CMakeFiles/cmTC_5c478.dir/CheckSymbolExists.c.o
/usr/bin/aarch64-linux-gnu-gcc    -o CMakeFiles/cmTC_5c478.dir/CheckSymbolExists.c.o   -c /media/psf/Home/Files_Local/Point_image_fusion/fusion/c++/build/CMakeFiles/CMakeTmp/CheckSymbolExists.c
Linking C executable cmTC_5c478
/usr/bin/cmake -E cmake_link_script CMakeFiles/cmTC_5c478.dir/link.txt --verbose=1
/usr/bin/aarch64-linux-gnu-gcc      -rdynamic CMakeFiles/cmTC_5c478.dir/CheckSymbolExists.c.o  -o cmTC_5c478 
CMakeFiles/cmTC_5c478.dir/CheckSymbolExists.c.o: In function `main':
CheckSymbolExists.c:(.text+0x14): undefined reference to `pthread_create'
CheckSymbolExists.c:(.text+0x18): undefined reference to `pthread_create'
collect2: error: ld returned 1 exit status
CMakeFiles/cmTC_5c478.dir/build.make:97: recipe for target 'cmTC_5c478' failed
make[1]: *** [cmTC_5c478] Error 1
make[1]: Leaving directory '/media/psf/Home/Files_Local/Point_image_fusion/fusion/c++/build/CMakeFiles/CMakeTmp'
Makefile:126: recipe for target 'cmTC_5c478/fast' failed
make: *** [cmTC_5c478/fast] Error 2

File /media/psf/Home/Files_Local/Point_image_fusion/fusion/c++/build/CMakeFiles/CMakeTmp/CheckSymbolExists.c:
/* */
#include <pthread.h>

int main(int argc, char** argv)
{
  (void)argv;
#ifndef pthread_create
  return ((int*)(&pthread_create))[argc];
#else
  (void)argc;
  return 0;
#endif
}

Determining if the function pthread_create exists in the pthreads failed with the following output:
Change Dir: /media/psf/Home/Files_Local/Point_image_fusion/fusion/c++/build/CMakeFiles/CMakeTmp

Run Build Command:"/usr/bin/make" "cmTC_628b5/fast"
/usr/bin/make -f CMakeFiles/cmTC_628b5.dir/build.make CMakeFiles/cmTC_628b5.dir/build
make[1]: Entering directory '/media/psf/Home/Files_Local/Point_image_fusion/fusion/c++/build/CMakeFiles/CMakeTmp'
Building C object CMakeFiles/cmTC_628b5.dir/CheckFunctionExists.c.o
/usr/bin/aarch64-linux-gnu-gcc   -DCHECK_FUNCTION_EXISTS=pthread_create   -o CMakeFiles/cmTC_628b5.dir/CheckFunctionExists.c.o   -c /usr/share/cmake-3.10/Modules/CheckFunctionExists.c
Linking C executable cmTC_628b5
/usr/bin/cmake -E cmake_link_script CMakeFiles/cmTC_628b5.dir/link.txt --verbose=1
/usr/bin/aarch64-linux-gnu-gcc  -DCHECK_FUNCTION_EXISTS=pthread_create    -rdynamic CMakeFiles/cmTC_628b5.dir/CheckFunctionExists.c.o  -o cmTC_628b5 -lpthreads 
/usr/bin/ld: cannot find -lpthreads
collect2: error: ld returned 1 exit status
CMakeFiles/cmTC_628b5.dir/build.make:97: recipe for target 'cmTC_628b5' failed
make[1]: *** [cmTC_628b5] Error 1
make[1]: Leaving directory '/media/psf/Home/Files_Local/Point_image_fusion/fusion/c++/build/CMakeFiles/CMakeTmp'
Makefile:126: recipe for target 'cmTC_628b5/fast' failed
make: *** [cmTC_628b5/fast] Error 2


